<?xml version="1.0" encoding="UTF-8"?>
<testng-results skipped="0" failed="0" ignored="0" total="1" passed="1">
  <reporter-output>
  </reporter-output>
  <suite name="Suite" duration-ms="22231" started-at="2021-02-23T07:13:15Z" finished-at="2021-02-23T07:13:37Z">
    <groups>
      <group name="cucumber">
        <method signature="AbstractTestNGCucumberTests.feature(cucumber.api.testng.CucumberFeatureWrapper)[pri:0, instance:cucumberOptions.TestRunner@ba8d91c]" name="feature" class="cucumber.api.testng.AbstractTestNGCucumberTests"/>
      </group> <!-- cucumber -->
    </groups>
    <test name="Test" duration-ms="22231" started-at="2021-02-23T07:13:15Z" finished-at="2021-02-23T07:13:37Z">
      <class name="cucumberOptions.TestRunner">
        <test-method status="PASS" signature="setUpClass()[pri:0, instance:cucumberOptions.TestRunner@ba8d91c]" name="setUpClass" is-config="true" duration-ms="185" started-at="2021-02-23T07:13:15Z" finished-at="2021-02-23T07:13:15Z">
          <reporter-output>
          </reporter-output>
        </test-method> <!-- setUpClass -->
        <test-method status="PASS" signature="feature(cucumber.api.testng.CucumberFeatureWrapper)[pri:0, instance:cucumberOptions.TestRunner@ba8d91c]" name="feature" duration-ms="21951" started-at="2021-02-23T07:13:15Z" description="Runs Cucumber Feature" data-provider="features" finished-at="2021-02-23T07:13:37Z">
          <params>
            <param index="0">
              <value>
                <![CDATA[Validating the compose functionality of Gmail.]]>
              </value>
            </param>
          </params>
          <reporter-output>
          </reporter-output>
        </test-method> <!-- feature -->
        <test-method status="PASS" signature="tearDownClass()[pri:0, instance:cucumberOptions.TestRunner@ba8d91c]" name="tearDownClass" is-config="true" duration-ms="12" started-at="2021-02-23T07:13:37Z" finished-at="2021-02-23T07:13:37Z">
          <reporter-output>
          </reporter-output>
        </test-method> <!-- tearDownClass -->
      </class> <!-- cucumberOptions.TestRunner -->
    </test> <!-- Test -->
  </suite> <!-- Suite -->
</testng-results>
